2025-12-08 17:22:40,614 - src.crawler.selenium_manager - INFO - CAPTCHA Solver付きのドライバーを作成します
2025-12-08 17:22:40,783 - src.crawler.selenium_manager - INFO - Chromeドライバーの設定が完了しました
2025-12-08 17:22:40,786 - __main__ - INFO - クローラーアカウント nana_ito@pivotx.jp でInstagramにログインします...
2025-12-08 17:22:47,506 - src.crawler.selenium_manager - INFO - Chromeドライバーを終了しました
2025-12-08 17:22:47,974 - __main__ - ERROR - 予期しないエラーが発生しました
Traceback (most recent call last):
  File "D:\app_ssd\Buzzmiru\Crawlsel2\TikTokCrawlSel_v2\src\crawler\insta_crawler.py", line 824, in <module>
    main()
  File "D:\app_ssd\Buzzmiru\Crawlsel2\TikTokCrawlSel_v2\src\crawler\insta_crawler.py", line 798, in main
    crawler.__enter__()
  File "D:\app_ssd\Buzzmiru\Crawlsel2\TikTokCrawlSel_v2\src\crawler\insta_crawler.py", line 203, in __enter__
    self._login()
  File "D:\app_ssd\Buzzmiru\Crawlsel2\TikTokCrawlSel_v2\src\crawler\insta_crawler.py", line 305, in _login
    username_input = self.wait.until(
  File "D:\app_ssd\Buzzmiru\Crawlsel2\TikTokCrawlSel_v2\venv\lib\site-packages\selenium\webdriver\support\wait.py", line 96, in until
    value = method(self._driver)
  File "D:\app_ssd\Buzzmiru\Crawlsel2\TikTokCrawlSel_v2\venv\lib\site-packages\selenium\webdriver\support\expected_conditions.py", line 84, in _predicate
    return driver.find_element(*locator)
  File "D:\app_ssd\Buzzmiru\Crawlsel2\TikTokCrawlSel_v2\venv\lib\site-packages\selenium\webdriver\remote\webdriver.py", line 741, in find_element
    return self.execute(Command.FIND_ELEMENT, {"using": by, "value": value})["value"]
  File "D:\app_ssd\Buzzmiru\Crawlsel2\TikTokCrawlSel_v2\venv\lib\site-packages\selenium\webdriver\remote\webdriver.py", line 347, in execute
    self.error_handler.check_response(response)
  File "D:\app_ssd\Buzzmiru\Crawlsel2\TikTokCrawlSel_v2\venv\lib\site-packages\selenium\webdriver\remote\errorhandler.py", line 229, in check_response
    raise exception_class(message, screen, stacktrace)
selenium.common.exceptions.InvalidSessionIdException: Message: invalid session id: session deleted as the browser has closed the connection
from disconnected: not connected to DevTools
  (Session info: chrome=143.0.7499.41)
Stacktrace:
Symbols not available. Dumping unresolved backtrace:
	0xfb0d23
	0xfb0d64
	0xd9e6dd
	0xd8d99e
	0xdac4e6
	0xe121d8
	0xe2d44c
	0xe0b2e6
	0xddd321
	0xdde1d4
	0x1204d64
	0x120031b
	0x121cbfa
	0xfcac28
	0xfd2c2d
	0xfb9028
	0xfb91e9
	0xfa3578
	0x75935d49
	0x76fcd6cb
	0x76fcd651

