2025-12-08 17:10:38,997 - src.crawler.selenium_manager - INFO - CAPTCHA Solver付きのドライバーを作成します
2025-12-08 17:10:39,173 - src.crawler.selenium_manager - INFO - Chromeドライバーの設定が完了しました
2025-12-08 17:10:39,175 - __main__ - INFO - クローラーアカウント nana_ito@pivotx.jp でInstagramにログインします...
2025-12-08 17:11:01,265 - src.crawler.selenium_manager - INFO - Chromeドライバーを終了しました
2025-12-08 17:11:02,063 - __main__ - ERROR - 予期しないエラーが発生しました
Traceback (most recent call last):
  File "D:\app_ssd\Buzzmiru\Crawlsel2\TikTokCrawlSel_v2\src\crawler\insta_crawler.py", line 820, in <module>
    main()
  File "D:\app_ssd\Buzzmiru\Crawlsel2\TikTokCrawlSel_v2\src\crawler\insta_crawler.py", line 799, in main
    with InstaCrawler(
  File "D:\app_ssd\Buzzmiru\Crawlsel2\TikTokCrawlSel_v2\src\crawler\insta_crawler.py", line 203, in __enter__
    self._login()
  File "D:\app_ssd\Buzzmiru\Crawlsel2\TikTokCrawlSel_v2\src\crawler\insta_crawler.py", line 305, in _login
    username_input = self.wait.until(
  File "D:\app_ssd\Buzzmiru\Crawlsel2\TikTokCrawlSel_v2\venv\lib\site-packages\selenium\webdriver\support\wait.py", line 105, in until
    raise TimeoutException(message, screen, stacktrace)
selenium.common.exceptions.TimeoutException: Message: 
Stacktrace:
Symbols not available. Dumping unresolved backtrace:
	0x370d23
	0x370d64
	0x15e6dd
	0x1a93a5
	0x1a977b
	0x1f0382
	0x1cb534
	0x1edb13
	0x1cb2e6
	0x19d321
	0x19e1d4
	0x5c4d64
	0x5c031b
	0x5dcbfa
	0x38ac28
	0x392c2d
	0x379028
	0x3791e9
	0x363578
	0x75935d49
	0x76fcd6cb
	0x76fcd651
	0

